2016-04-18 12:42:35:initSession
2016-04-18 12:42:35:End target initSession
2016-04-18 12:42:35:End initSession
2016-04-18 12:42:35:executed ./downloadytpl.sh /Users/gerard/youtubedownload/temp/5714d63b38def https://youtu.be/nu6_-lz6ngo?list=PL1T9mxfDfo3UYO76WUh3z4txyuMV7l5_P YT5714d63b38def.log> PID5714d63b38def 2>Error5714d63b38def.log &
2016-04-18 12:42:35:getPID PID5714d63b38def 
2016-04-18 12:42:35:PID  CPID 
2016-04-18 12:42:35:checkExecResult 0
2016-04-18 12:42:36:getPID PID5714d63b38def 
2016-04-18 12:42:36:PID 4987 CPID 4989
2016-04-18 12:42:36:checkExecResult 1
2016-04-18 12:42:36:reportResult {"action":"startdownload","status":"OK","data":"download started https:\/\/youtu.be\/nu6_-lz6ngo?list=PL1T9mxfDfo3UYO76WUh3z4txyuMV7l5_P"}
2016-04-18 12:42:37:initSession
2016-04-18 12:42:37:End target initSession
2016-04-18 12:42:37:End initSession
2016-04-18 12:42:37:-------------------------------------------
2016-04-18 12:42:37:YoutubeDownload initializes current ID 5714d63b38def
2016-04-18 12:42:37:getPID PID5714d63b38def 
2016-04-18 12:42:37:PID 4987 CPID 4989
2016-04-18 12:42:37:ACTION getprogress
2016-04-18 12:42:37:start checkProgress YT5714d63b38def.log
2016-04-18 12:42:37:getYTDLLog
2016-04-18 12:42:37:checkProgress lastline  Waiting for 4989  ...  running running 4989
2016-04-18 12:42:37:getYTDLLog
2016-04-18 12:42:37:reportResult {"action":"getprogress","status":"OK","data":"Waiting for 4989  ... "}
2016-04-18 12:42:38:initSession
2016-04-18 12:42:38:End target initSession
2016-04-18 12:42:38:End initSession
2016-04-18 12:42:38:-------------------------------------------
2016-04-18 12:42:38:YoutubeDownload initializes current ID 5714d63b38def
2016-04-18 12:42:38:getPID PID5714d63b38def 
2016-04-18 12:42:38:PID 4987 CPID 4989
2016-04-18 12:42:38:ACTION getprogress
2016-04-18 12:42:38:start checkProgress YT5714d63b38def.log
2016-04-18 12:42:38:getYTDLLog
2016-04-18 12:42:38:checkProgress lastline  [download]   0.3% of 148.61MiB at  1.26MiB/s ETA 01:57 running running 4989
2016-04-18 12:42:38:getYTDLLog
2016-04-18 12:42:38:reportResult {"action":"getprogress","status":"OK","data":"[download]   0.3% of 148.61MiB at  1.26MiB\/s ETA 01:57"}
2016-04-18 12:42:39:initSession
2016-04-18 12:42:39:End target initSession
2016-04-18 12:42:39:End initSession
2016-04-18 12:42:39:-------------------------------------------
2016-04-18 12:42:39:YoutubeDownload initializes current ID 5714d63b38def
2016-04-18 12:42:39:getPID PID5714d63b38def 
2016-04-18 12:42:39:PID 4987 CPID 4989
2016-04-18 12:42:39:ACTION getprogress
2016-04-18 12:42:39:start checkProgress YT5714d63b38def.log
2016-04-18 12:42:39:getYTDLLog
2016-04-18 12:42:39:checkProgress lastline  [download]   1.3% of 148.61MiB at  2.22MiB/s ETA 01:06 running running 4989
2016-04-18 12:42:39:getYTDLLog
2016-04-18 12:42:39:reportResult {"action":"getprogress","status":"OK","data":"[download]   1.3% of 148.61MiB at  2.22MiB\/s ETA 01:06"}
2016-04-18 12:42:40:initSession
2016-04-18 12:42:40:End target initSession
2016-04-18 12:42:40:End initSession
2016-04-18 12:42:40:-------------------------------------------
2016-04-18 12:42:40:YoutubeDownload initializes current ID 5714d63b38def
2016-04-18 12:42:40:getPID PID5714d63b38def 
2016-04-18 12:42:40:PID 4987 CPID 4989
2016-04-18 12:42:40:ACTION getprogress
2016-04-18 12:42:40:start checkProgress YT5714d63b38def.log
2016-04-18 12:42:40:getYTDLLog
2016-04-18 12:42:40:checkProgress lastline  [download]   2.7% of 148.61MiB at  2.31MiB/s ETA 01:02 running running 4989
2016-04-18 12:42:40:getYTDLLog
2016-04-18 12:42:40:reportResult {"action":"getprogress","status":"OK","data":"[download]   2.7% of 148.61MiB at  2.31MiB\/s ETA 01:02"}
2016-04-18 12:42:41:initSession
2016-04-18 12:42:41:End target initSession
2016-04-18 12:42:41:End initSession
2016-04-18 12:42:41:-------------------------------------------
2016-04-18 12:42:41:YoutubeDownload initializes current ID 5714d63b38def
2016-04-18 12:42:41:getPID PID5714d63b38def 
2016-04-18 12:42:41:PID 4987 CPID 4989
2016-04-18 12:42:41:ACTION getprogress
2016-04-18 12:42:41:start checkProgress YT5714d63b38def.log
2016-04-18 12:42:41:getYTDLLog
2016-04-18 12:42:41:checkProgress lastline  [download]   4.3% of 148.61MiB at  2.57MiB/s ETA 00:55 running running 4989
2016-04-18 12:42:41:getYTDLLog
2016-04-18 12:42:41:reportResult {"action":"getprogress","status":"OK","data":"[download]   4.3% of 148.61MiB at  2.57MiB\/s ETA 00:55"}
2016-04-18 12:42:42:initSession
2016-04-18 12:42:42:End target initSession
2016-04-18 12:42:42:End initSession
2016-04-18 12:42:42:-------------------------------------------
2016-04-18 12:42:42:YoutubeDownload initializes current ID 5714d63b38def
2016-04-18 12:42:42:getPID PID5714d63b38def 
2016-04-18 12:42:42:PID 4987 CPID 4989
2016-04-18 12:42:42:ACTION getprogress
2016-04-18 12:42:42:start checkProgress YT5714d63b38def.log
2016-04-18 12:42:42:getYTDLLog
2016-04-18 12:42:42:checkProgress lastline  [download]   6.4% of 148.61MiB at  2.41MiB/s ETA 00:57 running running 4989
2016-04-18 12:42:42:getYTDLLog
2016-04-18 12:42:42:reportResult {"action":"getprogress","status":"OK","data":"[download]   6.4% of 148.61MiB at  2.41MiB\/s ETA 00:57"}
2016-04-18 12:42:43:initSession
2016-04-18 12:42:43:End target initSession
2016-04-18 12:42:43:End initSession
2016-04-18 12:42:43:-------------------------------------------
2016-04-18 12:42:43:YoutubeDownload initializes current ID 5714d63b38def
2016-04-18 12:42:43:getPID PID5714d63b38def 
2016-04-18 12:42:43:PID 4987 CPID 4989
2016-04-18 12:42:43:ACTION getprogress
2016-04-18 12:42:43:start checkProgress YT5714d63b38def.log
2016-04-18 12:42:43:getYTDLLog
2016-04-18 12:42:43:checkProgress lastline  [download]   7.9% of 148.61MiB at  2.51MiB/s ETA 00:54 running running 4989
2016-04-18 12:42:43:getYTDLLog
2016-04-18 12:42:43:reportResult {"action":"getprogress","status":"OK","data":"[download]   7.9% of 148.61MiB at  2.51MiB\/s ETA 00:54"}
2016-04-18 12:42:44:initSession
2016-04-18 12:42:44:End target initSession
2016-04-18 12:42:44:End initSession
2016-04-18 12:42:44:-------------------------------------------
2016-04-18 12:42:44:YoutubeDownload initializes current ID 5714d63b38def
2016-04-18 12:42:44:getPID PID5714d63b38def 
2016-04-18 12:42:44:PID 4987 CPID 4989
2016-04-18 12:42:44:ACTION getprogress
2016-04-18 12:42:44:start checkProgress YT5714d63b38def.log
2016-04-18 12:42:44:getYTDLLog
2016-04-18 12:42:44:checkProgress lastline  [download]   7.9% of 148.61MiB at  2.51MiB/s ETA 00:54 running running 4989
2016-04-18 12:42:44:getYTDLLog
2016-04-18 12:42:44:reportResult {"action":"getprogress","status":"OK","data":"[download]   7.9% of 148.61MiB at  2.51MiB\/s ETA 00:54"}
2016-04-18 12:42:45:initSession
2016-04-18 12:42:45:End target initSession
2016-04-18 12:42:45:End initSession
2016-04-18 12:42:45:-------------------------------------------
2016-04-18 12:42:45:YoutubeDownload initializes current ID 5714d63b38def
2016-04-18 12:42:45:getPID PID5714d63b38def 
2016-04-18 12:42:45:PID 4987 CPID 4989
2016-04-18 12:42:45:ACTION getprogress
2016-04-18 12:42:45:start checkProgress YT5714d63b38def.log
2016-04-18 12:42:45:getYTDLLog
2016-04-18 12:42:45:checkProgress lastline  [download]  11.1% of 148.61MiB at  2.24MiB/s ETA 00:58 running running 4989
2016-04-18 12:42:45:getYTDLLog
2016-04-18 12:42:45:reportResult {"action":"getprogress","status":"OK","data":"[download]  11.1% of 148.61MiB at  2.24MiB\/s ETA 00:58"}
2016-04-18 12:42:45:initSession
2016-04-18 12:42:45:End target initSession
2016-04-18 12:42:45:End initSession
2016-04-18 12:42:45:-------------------------------------------
2016-04-18 12:42:45:YoutubeDownload initializes current ID 5714d63b38def
2016-04-18 12:42:45:getPID PID5714d63b38def 
2016-04-18 12:42:45:PID 4987 CPID 4989
2016-04-18 12:42:45:ACTION canceldownload
2016-04-18 12:42:45:cancel download
2016-04-18 12:42:45:CleanUp
2016-04-18 12:42:45:getPID PID5714d63b38def 
2016-04-18 12:42:45:PID 4987 CPID 4989
2016-04-18 12:42:45:kill process 4989 []
2016-04-18 12:42:45:kill process 4987 []
2016-04-18 12:42:45:reportResult {"action":"canceldownload","status":"OK","data":"download canceled"}
